Added Component: Designator=C1(0603C)
Added Component: Designator=C2(0603C)
Added Component: Designator=C3(0603C)
Added Component: Designator=C4(0603C)
Added Component: Designator=C5(0603C)
Added Component: Designator=C6(0603C)
Add component (AddParameter): Name = "Value"; Value = "0.1u"; VariantName = "[No Variations]"
Added Component: Designator=C7(0603C)
Added Component: Designator=C8(0603C)
Added Component: Designator=C9(0603C)
Added Component: Designator=C10(0603C)
Added Component: Designator=C11(0603C)
Added Component: Designator=D1(LED 0603B)
Add component (AddParameter): Name = "Type"; Value = "0402"; VariantName = "[No Variations]"
Add component (AddParameter): Name = "Value"; Value = "color?"; VariantName = "[No Variations]"
Added Component: Designator=D2(LED 0603B)
Add component (AddParameter): Name = "Type"; Value = "0402"; VariantName = "[No Variations]"
Add component (AddParameter): Name = "Value"; Value = "color?"; VariantName = "[No Variations]"
Added Component: Designator=D3(LED 0603B)
Add component (AddParameter): Name = "Type"; Value = "0402"; VariantName = "[No Variations]"
Add component (AddParameter): Name = "Value"; Value = "color?"; VariantName = "[No Variations]"
Added Component: Designator=D4(LED 0603B)
Add component (AddParameter): Name = "Type"; Value = "0402"; VariantName = "[No Variations]"
Add component (AddParameter): Name = "Value"; Value = "color?"; VariantName = "[No Variations]"
Added Component: Designator=J1(JLINK)
Added Component: Designator=R1(0603R)
Add component (AddParameter): Name = "Value"; Value = "22R"; VariantName = "[No Variations]"
Added Component: Designator=R2(0603R)
Add component (AddParameter): Name = "Value"; Value = "22R"; VariantName = "[No Variations]"
Added Component: Designator=R3(0603R)
Add component (AddParameter): Name = "Value"; Value = "22R"; VariantName = "[No Variations]"
Added Component: Designator=R4(0603R)
Add component (AddParameter): Name = "Value"; Value = "22R"; VariantName = "[No Variations]"
Added Component: Designator=R5(0603R)
Add component (AddParameter): Name = "Value"; Value = "22R"; VariantName = "[No Variations]"
Added Component: Designator=R6(0603R)
Add component (AddParameter): Name = "Value"; Value = "22R"; VariantName = "[No Variations]"
Added Component: Designator=R7(0603R)
Add component (AddParameter): Name = "Value"; Value = "22R"; VariantName = "[No Variations]"
Added Component: Designator=R8(0603R)
Add component (AddParameter): Name = "Value"; Value = "22R"; VariantName = "[No Variations]"
Added Component: Designator=R9(0603R)
Add component (AddParameter): Name = "Value"; Value = "22R"; VariantName = "[No Variations]"
Added Component: Designator=R10(0603R)
Add component (AddParameter): Name = "Value"; Value = "22R"; VariantName = "[No Variations]"
Added Component: Designator=R11(0603R)
Add component (AddParameter): Name = "Value"; Value = "22R"; VariantName = "[No Variations]"
Added Component: Designator=R12(0603R)
Add component (AddParameter): Name = "Value"; Value = "22R"; VariantName = "[No Variations]"
Added Component: Designator=R13(0603R)
Add component (AddParameter): Name = "Value"; Value = "22R"; VariantName = "[No Variations]"
Added Component: Designator=R14(0603R)
Add component (AddParameter): Name = "Value"; Value = "22R"; VariantName = "[No Variations]"
Added Component: Designator=R15(0603R)
Add component (AddParameter): Name = "Value"; Value = "22R"; VariantName = "[No Variations]"
Added Component: Designator=R16(0603R)
Add component (AddParameter): Name = "Value"; Value = "22R"; VariantName = "[No Variations]"
Added Component: Designator=SWDOUT1(Pin HDR2X4/2.54mm-S)
Added Component: Designator=TP1(TEST 1.6)
Add component (AddParameter): Name = "BOM名称"; Value = "测试点"; VariantName = "[No Variations]"
Add component (AddParameter): Name = "联系卖家，免费查找封装"; Value = "唯一出售店铺网址https://shop463601444.taobao.com"; VariantName = "[No Variations]"
Added Component: Designator=TP2(TEST 1.6)
Add component (AddParameter): Name = "BOM名称"; Value = "测试点"; VariantName = "[No Variations]"
Add component (AddParameter): Name = "联系卖家，免费查找封装"; Value = "唯一出售店铺网址https://shop463601444.taobao.com"; VariantName = "[No Variations]"
Added Component: Designator=TP3(TEST 1.6)
Add component (AddParameter): Name = "BOM名称"; Value = "测试点"; VariantName = "[No Variations]"
Add component (AddParameter): Name = "联系卖家，免费查找封装"; Value = "唯一出售店铺网址https://shop463601444.taobao.com"; VariantName = "[No Variations]"
Added Component: Designator=TP4(TEST 1.6)
Add component (AddParameter): Name = "BOM名称"; Value = "测试点"; VariantName = "[No Variations]"
Add component (AddParameter): Name = "联系卖家，免费查找封装"; Value = "唯一出售店铺网址https://shop463601444.taobao.com"; VariantName = "[No Variations]"
Added Component: Designator=U1(SOP16)
Added Component: Designator=U2(LQFP48 7X7)
Add component (AddParameter): Name = "A/D Converter"; Value = "2x12-bit (10 Channel)"; VariantName = "[No Variations]"
Add component (AddParameter): Name = "ComponentLink1Description"; Value = "Manufacturer URL"; VariantName = "[No Variations]"
Add component (AddParameter): Name = "ComponentLink1URL"; Value = "http://www.st.com/web/en/home.html"; VariantName = "[No Variations]"
Add component (AddParameter): Name = "ComponentLink2Description"; Value = "Datasheet"; VariantName = "[No Variations]"
Add component (AddParameter): Name = "ComponentLink2URL"; Value = "http://www.st.com/st-web-ui/static/active/en/resource/technical/document/datasheet/CD00161566.pdf"; VariantName = "[No Variations]"
Add component (AddParameter): Name = "ComponentLink3Description"; Value = "Package Specification"; VariantName = "[No Variations]"
Add component (AddParameter): Name = "ComponentLink3URL"; Value = "http://www.st.com/st-web-ui/static/active/en/resource/technical/document/datasheet/DM00058181.pdf"; VariantName = "[No Variations]"
Add component (AddParameter): Name = "Core"; Value = "ARM Cortex-M3"; VariantName = "[No Variations]"
Add component (AddParameter): Name = "DatasheetVersion"; Value = "Rev. 16"; VariantName = "[No Variations]"
Add component (AddParameter): Name = "FLASH Size (Prog) (kB)"; Value = "128"; VariantName = "[No Variations]"
Add component (AddParameter): Name = "I/Os (High Current)"; Value = "37"; VariantName = "[No Variations]"
Add component (AddParameter): Name = "Internal RAM Size (kB)"; Value = "20"; VariantName = "[No Variations]"
Add component (AddParameter): Name = "Mounting Technology"; Value = "Surface Mount"; VariantName = "[No Variations]"
Add component (AddParameter): Name = "Operating Frequency(F) (Processor speed) (MHz)"; Value = "72"; VariantName = "[No Variations]"
Add component (AddParameter): Name = "PackageDescription"; Value = "48-Pin Low Profile Quad Flat Package, 7 x 7 mm Body, 0.5 mm Pitch"; VariantName = "[No Variations]"
Add component (AddParameter): Name = "PackageReference"; Value = "LQFP48"; VariantName = "[No Variations]"
Add component (AddParameter): Name = "PackageVersion"; Value = "Rev. 6, 06/2013"; VariantName = "[No Variations]"
Add component (AddParameter): Name = "Packing"; Value = "Tray"; VariantName = "[No Variations]"
Add component (AddParameter): Name = "PartNumber"; Value = "STM32F103CBT6"; VariantName = "[No Variations]"
Add component (AddParameter): Name = "Supplier 1"; Value = "Digi-Key"; VariantName = "[No Variations]"
Add component (AddParameter): Name = "Supplier 2"; Value = "Farnell"; VariantName = "[No Variations]"
Add component (AddParameter): Name = "Supplier 3"; Value = "Newark"; VariantName = "[No Variations]"
Add component (AddParameter): Name = "Supplier 4"; Value = "Newark"; VariantName = "[No Variations]"
Add component (AddParameter): Name = "Supplier 5"; Value = "Mouser"; VariantName = "[No Variations]"
Add component (AddParameter): Name = "Supplier Part Number 1"; Value = "497-6288-ND"; VariantName = "[No Variations]"
Add component (AddParameter): Name = "Supplier Part Number 2"; Value = "1606327"; VariantName = "[No Variations]"
Add component (AddParameter): Name = "Supplier Part Number 3"; Value = "11N8296"; VariantName = "[No Variations]"
Add component (AddParameter): Name = "Supplier Part Number 4"; Value = "57P1214"; VariantName = "[No Variations]"
Add component (AddParameter): Name = "Supplier Part Number 5"; Value = "511-STM32F103CBT6"; VariantName = "[No Variations]"
Add component (AddParameter): Name = "Supply Voltage(Vcc) min (V)"; Value = "2"; VariantName = "[No Variations]"
Added Component: Designator=U3(SOT23-5)
Add component (AddParameter): Name = "ICA_MFR_NAME"; Value = "RICHTEK"; VariantName = "[No Variations]"
Add component (AddParameter): Name = "ICA_PARTNUM"; Value = "$$2191094$$RT9193-15CU5"; VariantName = "[No Variations]"
Add component (AddParameter): Name = "Part Number"; Value = "TMP-13"; VariantName = "[No Variations]"
Added Component: Designator=USB1(TYPE-C-SMD_TYPE-C-24P-QCHT)
Added Component: Designator=USB2(USB-A/S_A)
Added Component: Designator=USB3(USB-A/S_A)
Added Component: Designator=USB4(USB-A/S_A)
Added Component: Designator=USB5(USB-A/S_A)
Added Component: Designator=X1(OSC HC-49S)
Added Component: Designator=Y1(OSC HC-49SMD)
Added Pin To Net: NetName=+5 Pin=C7-2
Added Pin To Net: NetName=+5 Pin=D4-1
Added Pin To Net: NetName=+5 Pin=U3-1
Added Pin To Net: NetName=+5 Pin=U3-3
Added Net: Name=+5
Added Pin To Net: NetName=3V3 Pin=C9-2
Added Pin To Net: NetName=3V3 Pin=C10-2
Added Pin To Net: NetName=3V3 Pin=D1-1
Added Pin To Net: NetName=3V3 Pin=D2-1
Added Pin To Net: NetName=3V3 Pin=J1-1
Added Pin To Net: NetName=3V3 Pin=R3-1
Added Pin To Net: NetName=3V3 Pin=R15-2
Added Pin To Net: NetName=3V3 Pin=R16-2
Added Pin To Net: NetName=3V3 Pin=SWDOUT1-1
Added Pin To Net: NetName=3V3 Pin=TP1-1
Added Pin To Net: NetName=3V3 Pin=U2-1
Added Pin To Net: NetName=3V3 Pin=U2-9
Added Pin To Net: NetName=3V3 Pin=U2-24
Added Pin To Net: NetName=3V3 Pin=U2-36
Added Pin To Net: NetName=3V3 Pin=U2-39
Added Pin To Net: NetName=3V3 Pin=U2-48
Added Pin To Net: NetName=3V3 Pin=U3-5
Added Net: Name=3V3
Added Pin To Net: NetName=5V Pin=C3-2
Added Pin To Net: NetName=5V Pin=C4-2
Added Pin To Net: NetName=5V Pin=C5-2
Added Pin To Net: NetName=5V Pin=C11-2
Added Pin To Net: NetName=5V Pin=SWDOUT1-6
Added Pin To Net: NetName=5V Pin=U1-11
Added Pin To Net: NetName=5V Pin=USB1-A4
Added Pin To Net: NetName=5V Pin=USB1-A9
Added Pin To Net: NetName=5V Pin=USB1-B4
Added Pin To Net: NetName=5V Pin=USB1-B9
Added Pin To Net: NetName=5V Pin=USB2-1
Added Pin To Net: NetName=5V Pin=USB3-1
Added Pin To Net: NetName=5V Pin=USB4-1
Added Pin To Net: NetName=5V Pin=USB5-1
Added Net: Name=5V
Added Pin To Net: NetName=D2_N Pin=U1-5
Added Pin To Net: NetName=D2_N Pin=USB2-2
Added Net: Name=D2_N
Added Pin To Net: NetName=D2_P Pin=U1-6
Added Pin To Net: NetName=D2_P Pin=USB2-3
Added Net: Name=D2_P
Added Pin To Net: NetName=D3_N Pin=U1-3
Added Pin To Net: NetName=D3_N Pin=USB3-2
Added Net: Name=D3_N
Added Pin To Net: NetName=D3_P Pin=U1-4
Added Pin To Net: NetName=D3_P Pin=USB3-3
Added Net: Name=D3_P
Added Pin To Net: NetName=D4_N Pin=U1-1
Added Pin To Net: NetName=D4_N Pin=USB4-2
Added Net: Name=D4_N
Added Pin To Net: NetName=D4_P Pin=U1-2
Added Pin To Net: NetName=D4_P Pin=USB4-3
Added Net: Name=D4_P
Added Pin To Net: NetName=GND Pin=C1-2
Added Pin To Net: NetName=GND Pin=C2-2
Added Pin To Net: NetName=GND Pin=C3-1
Added Pin To Net: NetName=GND Pin=C4-1
Added Pin To Net: NetName=GND Pin=C5-1
Added Pin To Net: NetName=GND Pin=C6-1
Added Pin To Net: NetName=GND Pin=C7-1
Added Pin To Net: NetName=GND Pin=C8-1
Added Pin To Net: NetName=GND Pin=C9-1
Added Pin To Net: NetName=GND Pin=C10-1
Added Pin To Net: NetName=GND Pin=C11-1
Added Pin To Net: NetName=GND Pin=J1-8
Added Pin To Net: NetName=GND Pin=J1-10
Added Pin To Net: NetName=GND Pin=J1-12
Added Pin To Net: NetName=GND Pin=J1-14
Added Pin To Net: NetName=GND Pin=J1-16
Added Pin To Net: NetName=GND Pin=J1-18
Added Pin To Net: NetName=GND Pin=J1-20
Added Pin To Net: NetName=GND Pin=R1-2
Added Pin To Net: NetName=GND Pin=R2-2
Added Pin To Net: NetName=GND Pin=R4-2
Added Pin To Net: NetName=GND Pin=R5-2
Added Pin To Net: NetName=GND Pin=R8-1
Added Pin To Net: NetName=GND Pin=R9-1
Added Pin To Net: NetName=GND Pin=R13-1
Added Pin To Net: NetName=GND Pin=R14-2
Added Pin To Net: NetName=GND Pin=SWDOUT1-7
Added Pin To Net: NetName=GND Pin=TP4-1
Added Pin To Net: NetName=GND Pin=U1-12
Added Pin To Net: NetName=GND Pin=U2-8
Added Pin To Net: NetName=GND Pin=U2-21
Added Pin To Net: NetName=GND Pin=U2-23
Added Pin To Net: NetName=GND Pin=U2-35
Added Pin To Net: NetName=GND Pin=U2-47
Added Pin To Net: NetName=GND Pin=U3-2
Added Pin To Net: NetName=GND Pin=USB1-A1
Added Pin To Net: NetName=GND Pin=USB1-A12
Added Pin To Net: NetName=GND Pin=USB1-B1
Added Pin To Net: NetName=GND Pin=USB1-B12
Added Pin To Net: NetName=GND Pin=USB2-4
Added Pin To Net: NetName=GND Pin=USB3-4
Added Pin To Net: NetName=GND Pin=USB4-4
Added Pin To Net: NetName=GND Pin=USB5-4
Added Pin To Net: NetName=GND Pin=Y1-2
Added Net: Name=GND
Added Pin To Net: NetName=JTCK Pin=J1-9
Added Pin To Net: NetName=JTCK Pin=U2-15
Added Pin To Net: NetName=JTCK Pin=U2-26
Added Pin To Net: NetName=JTCK Pin=USB5-2
Added Net: Name=JTCK
Added Pin To Net: NetName=JTDI Pin=J1-5
Added Pin To Net: NetName=JTDI Pin=U2-17
Added Net: Name=JTDI
Added Pin To Net: NetName=JTDO Pin=J1-13
Added Pin To Net: NetName=JTDO Pin=U2-16
Added Net: Name=JTDO
Added Pin To Net: NetName=JTMS Pin=J1-7
Added Pin To Net: NetName=JTMS Pin=R11-2
Added Pin To Net: NetName=JTMS Pin=U2-27
Added Pin To Net: NetName=JTMS Pin=USB5-3
Added Net: Name=JTMS
Added Pin To Net: NetName=LED_RUN Pin=D3-1
Added Pin To Net: NetName=LED_RUN Pin=U2-30
Added Net: Name=LED_RUN
Added Pin To Net: NetName=NetC1_1 Pin=C1-1
Added Pin To Net: NetName=NetC1_1 Pin=U1-14
Added Net: Name=NetC1_1
Added Pin To Net: NetName=NetC2_1 Pin=C2-1
Added Pin To Net: NetName=NetC2_1 Pin=U1-13
Added Net: Name=NetC2_1
Added Pin To Net: NetName=NetC6_2 Pin=C6-2
Added Pin To Net: NetName=NetC6_2 Pin=R15-1
Added Pin To Net: NetName=NetC6_2 Pin=U2-7
Added Net: Name=NetC6_2
Added Pin To Net: NetName=NetC8_2 Pin=C8-2
Added Pin To Net: NetName=NetC8_2 Pin=U3-4
Added Net: Name=NetC8_2
Added Pin To Net: NetName=NetD1_2 Pin=D1-2
Added Pin To Net: NetName=NetD1_2 Pin=R6-2
Added Net: Name=NetD1_2
Added Pin To Net: NetName=NetD2_2 Pin=D2-2
Added Pin To Net: NetName=NetD2_2 Pin=R7-2
Added Net: Name=NetD2_2
Added Pin To Net: NetName=NetD3_2 Pin=D3-2
Added Pin To Net: NetName=NetD3_2 Pin=R8-2
Added Net: Name=NetD3_2
Added Pin To Net: NetName=NetD4_2 Pin=D4-2
Added Pin To Net: NetName=NetD4_2 Pin=R9-2
Added Net: Name=NetD4_2
Added Pin To Net: NetName=NetR1_1 Pin=R1-1
Added Pin To Net: NetName=NetR1_1 Pin=USB1-A5
Added Net: Name=NetR1_1
Added Pin To Net: NetName=NetR2_1 Pin=R2-1
Added Pin To Net: NetName=NetR2_1 Pin=USB1-B5
Added Net: Name=NetR2_1
Added Pin To Net: NetName=NetR3_2 Pin=R3-2
Added Pin To Net: NetName=NetR3_2 Pin=R4-1
Added Pin To Net: NetName=NetR3_2 Pin=U2-10
Added Net: Name=NetR3_2
Added Pin To Net: NetName=NetR5_1 Pin=R5-1
Added Pin To Net: NetName=NetR5_1 Pin=U2-20
Added Net: Name=NetR5_1
Added Pin To Net: NetName=NetR10_2 Pin=R10-2
Added Pin To Net: NetName=NetR10_2 Pin=U2-32
Added Net: Name=NetR10_2
Added Pin To Net: NetName=NetR11_1 Pin=R11-1
Added Pin To Net: NetName=NetR11_1 Pin=U2-25
Added Net: Name=NetR11_1
Added Pin To Net: NetName=NetR12_2 Pin=R12-2
Added Pin To Net: NetName=NetR12_2 Pin=U2-33
Added Net: Name=NetR12_2
Added Pin To Net: NetName=NetR13_2 Pin=R13-2
Added Pin To Net: NetName=NetR13_2 Pin=U2-2
Added Net: Name=NetR13_2
Added Pin To Net: NetName=NetR14_1 Pin=R14-1
Added Pin To Net: NetName=NetR14_1 Pin=U2-44
Added Net: Name=NetR14_1
Added Pin To Net: NetName=NetU1_15 Pin=U1-15
Added Pin To Net: NetName=NetU1_15 Pin=X1-1
Added Net: Name=NetU1_15
Added Pin To Net: NetName=NetU1_16 Pin=U1-16
Added Pin To Net: NetName=NetU1_16 Pin=X1-2
Added Net: Name=NetU1_16
Added Pin To Net: NetName=NetU2_5 Pin=U2-5
Added Net: Name=NetU2_5
Added Pin To Net: NetName=NetU2_6 Pin=U2-6
Added Pin To Net: NetName=NetU2_6 Pin=Y1-1
Added Net: Name=NetU2_6
Added Pin To Net: NetName=nRST Pin=J1-15
Added Pin To Net: NetName=nRST Pin=SWDOUT1-8
Added Pin To Net: NetName=nRST Pin=U2-18
Added Net: Name=nRST
Added Pin To Net: NetName=RENUMn Pin=U2-38
Added Net: Name=RENUMn
Added Pin To Net: NetName=RX Pin=R6-1
Added Pin To Net: NetName=RX Pin=SWDOUT1-4
Added Pin To Net: NetName=RX Pin=U2-13
Added Net: Name=RX
Added Pin To Net: NetName=ST_SWCLK Pin=SWDOUT1-5
Added Pin To Net: NetName=ST_SWCLK Pin=TP2-1
Added Pin To Net: NetName=ST_SWCLK Pin=U2-37
Added Net: Name=ST_SWCLK
Added Pin To Net: NetName=ST_SWDIO Pin=SWDOUT1-3
Added Pin To Net: NetName=ST_SWDIO Pin=TP3-1
Added Pin To Net: NetName=ST_SWDIO Pin=U2-34
Added Net: Name=ST_SWDIO
Added Pin To Net: NetName=T_SWO Pin=U2-31
Added Net: Name=T_SWO
Added Pin To Net: NetName=TRST Pin=J1-3
Added Pin To Net: NetName=TRST Pin=U2-19
Added Net: Name=TRST
Added Pin To Net: NetName=TX Pin=R7-1
Added Pin To Net: NetName=TX Pin=SWDOUT1-2
Added Pin To Net: NetName=TX Pin=U2-12
Added Net: Name=TX
Added Pin To Net: NetName=UD_N Pin=U1-9
Added Pin To Net: NetName=UD_N Pin=USB1-A7
Added Pin To Net: NetName=UD_N Pin=USB1-B7
Added Net: Name=UD_N
Added Pin To Net: NetName=UD_P Pin=U1-10
Added Pin To Net: NetName=UD_P Pin=USB1-A6
Added Pin To Net: NetName=UD_P Pin=USB1-B6
Added Net: Name=UD_P
Added Pin To Net: NetName=USB_N Pin=R10-1
Added Pin To Net: NetName=USB_N Pin=U1-7
Added Net: Name=USB_N
Added Pin To Net: NetName=USB_P Pin=R12-1
Added Pin To Net: NetName=USB_P Pin=R16-1
Added Pin To Net: NetName=USB_P Pin=U1-8
Added Net: Name=USB_P
Added Class: Name=docking_station_with_STLink
Added Differential Pair: Name=D2
Added Differential Pair: Name=D3
Added Differential Pair: Name=D4
Added Differential Pair: Name=UD
Added Differential Pair: Name=USB
Added Room: Name=docking_station_with_STLink
